Flow report for investigative_setup
Fri May 01 22:55:14 2026
Quartus Prime Version 18.0.0 Build 614 04/24/2018 SJ Standard Edition


---------------------
; Table of Contents ;
---------------------
  1. Legal Notice
  2. Flow Summary
  3. Flow Settings
  4. Flow Non-Default Global Settings
  5. Flow Elapsed Time
  6. Flow OS Summary
  7. Flow Log
  8. Flow Messages
  9. Flow Suppressed Messages



----------------
; Legal Notice ;
----------------
Copyright (C) 2018  Intel Corporation. All rights reserved.
Your use of Intel Corporation's design tools, logic functions 
and other software and tools, and its AMPP partner logic 
functions, and any output files from any of the foregoing 
(including device programming or simulation files), and any 
associated documentation or information are expressly subject 
to the terms and conditions of the Intel Program License 
Subscription Agreement, the Intel Quartus Prime License Agreement,
the Intel FPGA IP License Agreement, or other applicable license
agreement, including, without limitation, that your use is for
the sole purpose of programming logic devices manufactured by
Intel and sold by Intel or its authorized distributors.  Please
refer to the applicable agreement for further details.



+--------------------------------------------------------------------------------------+
; Flow Summary                                                                         ;
+------------------------------------+-------------------------------------------------+
; Flow Status                        ; Successful - Fri May 01 22:52:41 2026           ;
; Quartus Prime Version              ; 18.0.0 Build 614 04/24/2018 SJ Standard Edition ;
; Revision Name                      ; investigative_setup                             ;
; Top-level Entity Name              ; investigative_setup                             ;
; Family                             ; Cyclone IV E                                    ;
; Device                             ; EP4CE15F17C8                                    ;
; Timing Models                      ; Final                                           ;
; Total logic elements               ; 11,319 / 15,408 ( 73 % )                        ;
;     Total combinational functions  ; 10,767 / 15,408 ( 70 % )                        ;
;     Dedicated logic registers      ; 3,135 / 15,408 ( 20 % )                         ;
; Total registers                    ; 3135                                            ;
; Total pins                         ; 21 / 166 ( 13 % )                               ;
; Total virtual pins                 ; 0                                               ;
; Total memory bits                  ; 115,054 / 516,096 ( 22 % )                      ;
; Embedded Multiplier 9-bit elements ; 62 / 112 ( 55 % )                               ;
; Total PLLs                         ; 0 / 4 ( 0 % )                                   ;
+------------------------------------+-------------------------------------------------+


+-----------------------------------------+
; Flow Settings                           ;
+-------------------+---------------------+
; Option            ; Setting             ;
+-------------------+---------------------+
; Start date & time ; 05/01/2026 22:48:20 ;
; Main task         ; Compilation         ;
; Revision Name     ; investigative_setup ;
+-------------------+---------------------+


+-------------------------------------------------------------------------------------------------------------------------------------------------------------------+
; Flow Non-Default Global Settings                                                                                                                                  ;
+-------------------------------------+---------------------------------------------------------------------------------+---------------+--------------+------------+
; Assignment Name                     ; Value                                                                           ; Default Value ; Entity Name  ; Section Id ;
+-------------------------------------+---------------------------------------------------------------------------------+---------------+--------------+------------+
; COMPILER_SIGNATURE_ID               ; 1098153328231.177764688116440                                                   ; --            ; --           ; --         ;
; MAX_CORE_JUNCTION_TEMP              ; 85                                                                              ; --            ; --           ; --         ;
; MESSAGE_DISABLE                     ; 270007                                                                          ; --            ; FFT_fft_ii_0 ; --         ;
; MIN_CORE_JUNCTION_TEMP              ; 0                                                                               ; --            ; --           ; --         ;
; MISC_FILE                           ; IP/FFT/simulation/../../FFT.qsys                                                ; --            ; --           ; --         ;
; MISC_FILE                           ; IP/FFT/simulation/FFT.v                                                         ; --            ; --           ; --         ;
; MISC_FILE                           ; IP/FFT/simulation/submodules/FFT_fft_ii_0_1n1024cos.hex                         ; --            ; --           ; --         ;
; MISC_FILE                           ; IP/FFT/simulation/submodules/FFT_fft_ii_0_2n1024cos.hex                         ; --            ; --           ; --         ;
; MISC_FILE                           ; IP/FFT/simulation/submodules/FFT_fft_ii_0_1n1024sin.hex                         ; --            ; --           ; --         ;
; MISC_FILE                           ; IP/FFT/simulation/submodules/FFT_fft_ii_0_2n1024sin.hex                         ; --            ; --           ; --         ;
; MISC_FILE                           ; IP/FFT/simulation/submodules/FFT_fft_ii_0_3n1024cos.hex                         ; --            ; --           ; --         ;
; MISC_FILE                           ; IP/FFT/simulation/submodules/FFT_fft_ii_0_3n1024sin.hex                         ; --            ; --           ; --         ;
; MISC_FILE                           ; IP/FFT/simulation/submodules/auk_dspip_text_pkg.vhd                             ; --            ; --           ; --         ;
; MISC_FILE                           ; IP/FFT/simulation/submodules/auk_dspip_math_pkg.vhd                             ; --            ; --           ; --         ;
; MISC_FILE                           ; IP/FFT/simulation/submodules/auk_dspip_lib_pkg.vhd                              ; --            ; --           ; --         ;
; MISC_FILE                           ; IP/FFT/simulation/submodules/mentor/auk_dspip_avalon_streaming_block_sink.vhd   ; --            ; --           ; --         ;
; MISC_FILE                           ; IP/FFT/simulation/submodules/aldec/auk_dspip_avalon_streaming_block_sink.vhd    ; --            ; --           ; --         ;
; MISC_FILE                           ; IP/FFT/simulation/submodules/mentor/auk_dspip_avalon_streaming_block_source.vhd ; --            ; --           ; --         ;
; MISC_FILE                           ; IP/FFT/simulation/submodules/aldec/auk_dspip_avalon_streaming_block_source.vhd  ; --            ; --           ; --         ;
; MISC_FILE                           ; IP/FFT/simulation/submodules/auk_dspip_roundsat.vhd                             ; --            ; --           ; --         ;
; MISC_FILE                           ; IP/FFT/simulation/submodules/auk_dspip_avalon_streaming_sink.vhd                ; --            ; --           ; --         ;
; MISC_FILE                           ; IP/FFT/simulation/submodules/auk_dspip_avalon_streaming_source.vhd              ; --            ; --           ; --         ;
; MISC_FILE                           ; IP/FFT/simulation/submodules/auk_dspip_avalon_streaming_controller.vhd          ; --            ; --           ; --         ;
; MISC_FILE                           ; IP/FFT/simulation/submodules/asj_fft_sglstream.ocp                              ; --            ; --           ; --         ;
; MISC_FILE                           ; IP/FFT/simulation/submodules/asj_fft_dualstream.ocp                             ; --            ; --           ; --         ;
; MISC_FILE                           ; IP/FFT/simulation/submodules/asj_fft_si_de_so_b.ocp                             ; --            ; --           ; --         ;
; MISC_FILE                           ; IP/FFT/simulation/submodules/asj_fft_si_de_so_bb.ocp                            ; --            ; --           ; --         ;
; MISC_FILE                           ; IP/FFT/simulation/submodules/asj_fft_si_qe_so_b.ocp                             ; --            ; --           ; --         ;
; MISC_FILE                           ; IP/FFT/simulation/submodules/asj_fft_si_qe_so_bb.ocp                            ; --            ; --           ; --         ;
; MISC_FILE                           ; IP/FFT/simulation/submodules/asj_fft_si_se_so_b.ocp                             ; --            ; --           ; --         ;
; MISC_FILE                           ; IP/FFT/simulation/submodules/asj_fft_si_se_so_bb.ocp                            ; --            ; --           ; --         ;
; MISC_FILE                           ; IP/FFT/simulation/submodules/asj_fft_si_so_se_so_b.ocp                          ; --            ; --           ; --         ;
; MISC_FILE                           ; IP/FFT/simulation/submodules/asj_fft_si_sose_so_b.ocp                           ; --            ; --           ; --         ;
; MISC_FILE                           ; IP/FFT/simulation/submodules/mentor/altera_fft_dual_port_ram.vhd                ; --            ; --           ; --         ;
; MISC_FILE                           ; IP/FFT/simulation/submodules/aldec/altera_fft_dual_port_ram.vhd                 ; --            ; --           ; --         ;
; MISC_FILE                           ; IP/FFT/simulation/submodules/mentor/altera_fft_dual_port_rom.vhd                ; --            ; --           ; --         ;
; MISC_FILE                           ; IP/FFT/simulation/submodules/aldec/altera_fft_dual_port_rom.vhd                 ; --            ; --           ; --         ;
; MISC_FILE                           ; IP/FFT/simulation/submodules/mentor/altera_fft_mult_add.vhd                     ; --            ; --           ; --         ;
; MISC_FILE                           ; IP/FFT/simulation/submodules/aldec/altera_fft_mult_add.vhd                      ; --            ; --           ; --         ;
; MISC_FILE                           ; IP/FFT/simulation/submodules/mentor/altera_fft_single_port_rom.vhd              ; --            ; --           ; --         ;
; MISC_FILE                           ; IP/FFT/simulation/submodules/aldec/altera_fft_single_port_rom.vhd               ; --            ; --           ; --         ;
; MISC_FILE                           ; IP/FFT/simulation/submodules/mentor/auk_fft_pkg.vhd                             ; --            ; --           ; --         ;
; MISC_FILE                           ; IP/FFT/simulation/submodules/aldec/auk_fft_pkg.vhd                              ; --            ; --           ; --         ;
; MISC_FILE                           ; IP/FFT/simulation/submodules/mentor/hyper_pipeline_interface.v                  ; --            ; --           ; --         ;
; MISC_FILE                           ; IP/FFT/simulation/submodules/aldec/hyper_pipeline_interface.v                   ; --            ; --           ; --         ;
; MISC_FILE                           ; IP/FFT/simulation/submodules/mentor/counter_module.sv                           ; --            ; --           ; --         ;
; MISC_FILE                           ; IP/FFT/simulation/submodules/aldec/counter_module.sv                            ; --            ; --           ; --         ;
; MISC_FILE                           ; IP/FFT/simulation/submodules/mentor/fft_pack.vhd                                ; --            ; --           ; --         ;
; MISC_FILE                           ; IP/FFT/simulation/submodules/aldec/fft_pack.vhd                                 ; --            ; --           ; --         ;
; MISC_FILE                           ; IP/FFT/simulation/submodules/mentor/apn_fft_cmult_cpx.vhd                       ; --            ; --           ; --         ;
; MISC_FILE                           ; IP/FFT/simulation/submodules/aldec/apn_fft_cmult_cpx.vhd                        ; --            ; --           ; --         ;
; MISC_FILE                           ; IP/FFT/simulation/submodules/mentor/apn_fft_cmult_cpx2.vhd                      ; --            ; --           ; --         ;
; MISC_FILE                           ; IP/FFT/simulation/submodules/aldec/apn_fft_cmult_cpx2.vhd                       ; --            ; --           ; --         ;
; MISC_FILE                           ; IP/FFT/simulation/submodules/mentor/apn_fft_mult_can.vhd                        ; --            ; --           ; --         ;
; MISC_FILE                           ; IP/FFT/simulation/submodules/aldec/apn_fft_mult_can.vhd                         ; --            ; --           ; --         ;
; MISC_FILE                           ; IP/FFT/simulation/submodules/mentor/apn_fft_mult_cpx.vhd                        ; --            ; --           ; --         ;
; MISC_FILE                           ; IP/FFT/simulation/submodules/aldec/apn_fft_mult_cpx.vhd                         ; --            ; --           ; --         ;
; MISC_FILE                           ; IP/FFT/simulation/submodules/mentor/asj_fft_1dp_ram.vhd                         ; --            ; --           ; --         ;
; MISC_FILE                           ; IP/FFT/simulation/submodules/aldec/asj_fft_1dp_ram.vhd                          ; --            ; --           ; --         ;
; MISC_FILE                           ; IP/FFT/simulation/submodules/mentor/asj_fft_1tdp_rom.vhd                        ; --            ; --           ; --         ;
; MISC_FILE                           ; IP/FFT/simulation/submodules/aldec/asj_fft_1tdp_rom.vhd                         ; --            ; --           ; --         ;
; MISC_FILE                           ; IP/FFT/simulation/submodules/mentor/asj_fft_3dp_rom.vhd                         ; --            ; --           ; --         ;
; MISC_FILE                           ; IP/FFT/simulation/submodules/aldec/asj_fft_3dp_rom.vhd                          ; --            ; --           ; --         ;
; MISC_FILE                           ; IP/FFT/simulation/submodules/mentor/asj_fft_3pi_mram.vhd                        ; --            ; --           ; --         ;
; MISC_FILE                           ; IP/FFT/simulation/submodules/aldec/asj_fft_3pi_mram.vhd                         ; --            ; --           ; --         ;
; MISC_FILE                           ; IP/FFT/simulation/submodules/mentor/asj_fft_3tdp_rom.vhd                        ; --            ; --           ; --         ;
; MISC_FILE                           ; IP/FFT/simulation/submodules/aldec/asj_fft_3tdp_rom.vhd                         ; --            ; --           ; --         ;
; MISC_FILE                           ; IP/FFT/simulation/submodules/mentor/asj_fft_4dp_ram.vhd                         ; --            ; --           ; --         ;
; MISC_FILE                           ; IP/FFT/simulation/submodules/aldec/asj_fft_4dp_ram.vhd                          ; --            ; --           ; --         ;
; MISC_FILE                           ; IP/FFT/simulation/submodules/mentor/asj_fft_6tdp_rom.vhd                        ; --            ; --           ; --         ;
; MISC_FILE                           ; IP/FFT/simulation/submodules/aldec/asj_fft_6tdp_rom.vhd                         ; --            ; --           ; --         ;
; MISC_FILE                           ; IP/FFT/simulation/submodules/mentor/asj_fft_alt_shift_tdl.vhd                   ; --            ; --           ; --         ;
; MISC_FILE                           ; IP/FFT/simulation/submodules/aldec/asj_fft_alt_shift_tdl.vhd                    ; --            ; --           ; --         ;
; MISC_FILE                           ; IP/FFT/simulation/submodules/mentor/asj_fft_bfp_ctrl.vhd                        ; --            ; --           ; --         ;
; MISC_FILE                           ; IP/FFT/simulation/submodules/aldec/asj_fft_bfp_ctrl.vhd                         ; --            ; --           ; --         ;
; MISC_FILE                           ; IP/FFT/simulation/submodules/mentor/asj_fft_bfp_i.vhd                           ; --            ; --           ; --         ;
; MISC_FILE                           ; IP/FFT/simulation/submodules/aldec/asj_fft_bfp_i.vhd                            ; --            ; --           ; --         ;
; MISC_FILE                           ; IP/FFT/simulation/submodules/mentor/asj_fft_bfp_i_1pt.vhd                       ; --            ; --           ; --         ;
; MISC_FILE                           ; IP/FFT/simulation/submodules/aldec/asj_fft_bfp_i_1pt.vhd                        ; --            ; --           ; --         ;
; MISC_FILE                           ; IP/FFT/simulation/submodules/mentor/asj_fft_bfp_o.vhd                           ; --            ; --           ; --         ;
; MISC_FILE                           ; IP/FFT/simulation/submodules/aldec/asj_fft_bfp_o.vhd                            ; --            ; --           ; --         ;
; MISC_FILE                           ; IP/FFT/simulation/submodules/mentor/asj_fft_bfp_o_1pt.vhd                       ; --            ; --           ; --         ;
; MISC_FILE                           ; IP/FFT/simulation/submodules/aldec/asj_fft_bfp_o_1pt.vhd                        ; --            ; --           ; --         ;
; MISC_FILE                           ; IP/FFT/simulation/submodules/mentor/asj_fft_burst_ctrl.vhd                      ; --            ; --           ; --         ;
; MISC_FILE                           ; IP/FFT/simulation/submodules/aldec/asj_fft_burst_ctrl.vhd                       ; --            ; --           ; --         ;
; MISC_FILE                           ; IP/FFT/simulation/submodules/mentor/asj_fft_burst_ctrl_de.vhd                   ; --            ; --           ; --         ;
; MISC_FILE                           ; IP/FFT/simulation/submodules/aldec/asj_fft_burst_ctrl_de.vhd                    ; --            ; --           ; --         ;
; MISC_FILE                           ; IP/FFT/simulation/submodules/mentor/asj_fft_burst_ctrl_qe.vhd                   ; --            ; --           ; --         ;
; MISC_FILE                           ; IP/FFT/simulation/submodules/aldec/asj_fft_burst_ctrl_qe.vhd                    ; --            ; --           ; --         ;
; MISC_FILE                           ; IP/FFT/simulation/submodules/mentor/asj_fft_cmult_can.vhd                       ; --            ; --           ; --         ;
; MISC_FILE                           ; IP/FFT/simulation/submodules/aldec/asj_fft_cmult_can.vhd                        ; --            ; --           ; --         ;
; MISC_FILE                           ; IP/FFT/simulation/submodules/mentor/asj_fft_cmult_std.vhd                       ; --            ; --           ; --         ;
; MISC_FILE                           ; IP/FFT/simulation/submodules/aldec/asj_fft_cmult_std.vhd                        ; --            ; --           ; --         ;
; MISC_FILE                           ; IP/FFT/simulation/submodules/mentor/asj_fft_cnt_ctrl.vhd                        ; --            ; --           ; --         ;
; MISC_FILE                           ; IP/FFT/simulation/submodules/aldec/asj_fft_cnt_ctrl.vhd                         ; --            ; --           ; --         ;
; MISC_FILE                           ; IP/FFT/simulation/submodules/mentor/asj_fft_cnt_ctrl_de.vhd                     ; --            ; --           ; --         ;
; MISC_FILE                           ; IP/FFT/simulation/submodules/aldec/asj_fft_cnt_ctrl_de.vhd                      ; --            ; --           ; --         ;
; MISC_FILE                           ; IP/FFT/simulation/submodules/mentor/asj_fft_cxb_addr.vhd                        ; --            ; --           ; --         ;
; MISC_FILE                           ; IP/FFT/simulation/submodules/aldec/asj_fft_cxb_addr.vhd                         ; --            ; --           ; --         ;
; MISC_FILE                           ; IP/FFT/simulation/submodules/mentor/asj_fft_cxb_data.vhd                        ; --            ; --           ; --         ;
; MISC_FILE                           ; IP/FFT/simulation/submodules/aldec/asj_fft_cxb_data.vhd                         ; --            ; --           ; --         ;
; MISC_FILE                           ; IP/FFT/simulation/submodules/mentor/asj_fft_cxb_data_mram.vhd                   ; --            ; --           ; --         ;
; MISC_FILE                           ; IP/FFT/simulation/submodules/aldec/asj_fft_cxb_data_mram.vhd                    ; --            ; --           ; --         ;
; MISC_FILE                           ; IP/FFT/simulation/submodules/mentor/asj_fft_cxb_data_r.vhd                      ; --            ; --           ; --         ;
; MISC_FILE                           ; IP/FFT/simulation/submodules/aldec/asj_fft_cxb_data_r.vhd                       ; --            ; --           ; --         ;
; MISC_FILE                           ; IP/FFT/simulation/submodules/mentor/asj_fft_dataadgen.vhd                       ; --            ; --           ; --         ;
; MISC_FILE                           ; IP/FFT/simulation/submodules/aldec/asj_fft_dataadgen.vhd                        ; --            ; --           ; --         ;
; MISC_FILE                           ; IP/FFT/simulation/submodules/mentor/asj_fft_data_ram.vhd                        ; --            ; --           ; --         ;
; MISC_FILE                           ; IP/FFT/simulation/submodules/aldec/asj_fft_data_ram.vhd                         ; --            ; --           ; --         ;
; MISC_FILE                           ; IP/FFT/simulation/submodules/mentor/asj_fft_data_ram_dp.vhd                     ; --            ; --           ; --         ;
; MISC_FILE                           ; IP/FFT/simulation/submodules/aldec/asj_fft_data_ram_dp.vhd                      ; --            ; --           ; --         ;
; MISC_FILE                           ; IP/FFT/simulation/submodules/mentor/asj_fft_dft_bfp.vhd                         ; --            ; --           ; --         ;
; MISC_FILE                           ; IP/FFT/simulation/submodules/aldec/asj_fft_dft_bfp.vhd                          ; --            ; --           ; --         ;
; MISC_FILE                           ; IP/FFT/simulation/submodules/mentor/asj_fft_dft_bfp_sgl.vhd                     ; --            ; --           ; --         ;
; MISC_FILE                           ; IP/FFT/simulation/submodules/aldec/asj_fft_dft_bfp_sgl.vhd                      ; --            ; --           ; --         ;
; MISC_FILE                           ; IP/FFT/simulation/submodules/mentor/asj_fft_dpi_mram.vhd                        ; --            ; --           ; --         ;
; MISC_FILE                           ; IP/FFT/simulation/submodules/aldec/asj_fft_dpi_mram.vhd                         ; --            ; --           ; --         ;
; MISC_FILE                           ; IP/FFT/simulation/submodules/mentor/asj_fft_dp_mram.vhd                         ; --            ; --           ; --         ;
; MISC_FILE                           ; IP/FFT/simulation/submodules/aldec/asj_fft_dp_mram.vhd                          ; --            ; --           ; --         ;
; MISC_FILE                           ; IP/FFT/simulation/submodules/mentor/asj_fft_dualstream.vhd                      ; --            ; --           ; --         ;
; MISC_FILE                           ; IP/FFT/simulation/submodules/aldec/asj_fft_dualstream.vhd                       ; --            ; --           ; --         ;
; MISC_FILE                           ; IP/FFT/simulation/submodules/mentor/asj_fft_in_write_sgl.vhd                    ; --            ; --           ; --         ;
; MISC_FILE                           ; IP/FFT/simulation/submodules/aldec/asj_fft_in_write_sgl.vhd                     ; --            ; --           ; --         ;
; MISC_FILE                           ; IP/FFT/simulation/submodules/mentor/asj_fft_lcm_mult.vhd                        ; --            ; --           ; --         ;
; MISC_FILE                           ; IP/FFT/simulation/submodules/aldec/asj_fft_lcm_mult.vhd                         ; --            ; --           ; --         ;
; MISC_FILE                           ; IP/FFT/simulation/submodules/mentor/asj_fft_lcm_mult_2m.vhd                     ; --            ; --           ; --         ;
; MISC_FILE                           ; IP/FFT/simulation/submodules/aldec/asj_fft_lcm_mult_2m.vhd                      ; --            ; --           ; --         ;
; MISC_FILE                           ; IP/FFT/simulation/submodules/mentor/asj_fft_lpp.vhd                             ; --            ; --           ; --         ;
; MISC_FILE                           ; IP/FFT/simulation/submodules/aldec/asj_fft_lpp.vhd                              ; --            ; --           ; --         ;
; MISC_FILE                           ; IP/FFT/simulation/submodules/mentor/asj_fft_lpprdadgen.vhd                      ; --            ; --           ; --         ;
; MISC_FILE                           ; IP/FFT/simulation/submodules/aldec/asj_fft_lpprdadgen.vhd                       ; --            ; --           ; --         ;
; MISC_FILE                           ; IP/FFT/simulation/submodules/mentor/asj_fft_lpprdadr2gen.vhd                    ; --            ; --           ; --         ;
; MISC_FILE                           ; IP/FFT/simulation/submodules/aldec/asj_fft_lpprdadr2gen.vhd                     ; --            ; --           ; --         ;
; MISC_FILE                           ; IP/FFT/simulation/submodules/mentor/asj_fft_lpp_serial.vhd                      ; --            ; --           ; --         ;
; MISC_FILE                           ; IP/FFT/simulation/submodules/aldec/asj_fft_lpp_serial.vhd                       ; --            ; --           ; --         ;
; MISC_FILE                           ; IP/FFT/simulation/submodules/mentor/asj_fft_lpp_serial_r2.vhd                   ; --            ; --           ; --         ;
; MISC_FILE                           ; IP/FFT/simulation/submodules/aldec/asj_fft_lpp_serial_r2.vhd                    ; --            ; --           ; --         ;
; MISC_FILE                           ; IP/FFT/simulation/submodules/mentor/asj_fft_mult_add.vhd                        ; --            ; --           ; --         ;
; MISC_FILE                           ; IP/FFT/simulation/submodules/aldec/asj_fft_mult_add.vhd                         ; --            ; --           ; --         ;
; MISC_FILE                           ; IP/FFT/simulation/submodules/mentor/asj_fft_m_k_counter.vhd                     ; --            ; --           ; --         ;
; MISC_FILE                           ; IP/FFT/simulation/submodules/aldec/asj_fft_m_k_counter.vhd                      ; --            ; --           ; --         ;
; MISC_FILE                           ; IP/FFT/simulation/submodules/mentor/asj_fft_pround.vhd                          ; --            ; --           ; --         ;
; MISC_FILE                           ; IP/FFT/simulation/submodules/aldec/asj_fft_pround.vhd                           ; --            ; --           ; --         ;
; MISC_FILE                           ; IP/FFT/simulation/submodules/mentor/asj_fft_sglstream.vhd                       ; --            ; --           ; --         ;
; MISC_FILE                           ; IP/FFT/simulation/submodules/aldec/asj_fft_sglstream.vhd                        ; --            ; --           ; --         ;
; MISC_FILE                           ; IP/FFT/simulation/submodules/mentor/asj_fft_si_de_so_b.vhd                      ; --            ; --           ; --         ;
; MISC_FILE                           ; IP/FFT/simulation/submodules/aldec/asj_fft_si_de_so_b.vhd                       ; --            ; --           ; --         ;
; MISC_FILE                           ; IP/FFT/simulation/submodules/mentor/asj_fft_si_de_so_bb.vhd                     ; --            ; --           ; --         ;
; MISC_FILE                           ; IP/FFT/simulation/submodules/aldec/asj_fft_si_de_so_bb.vhd                      ; --            ; --           ; --         ;
; MISC_FILE                           ; IP/FFT/simulation/submodules/mentor/asj_fft_si_qe_so_b.vhd                      ; --            ; --           ; --         ;
; MISC_FILE                           ; IP/FFT/simulation/submodules/aldec/asj_fft_si_qe_so_b.vhd                       ; --            ; --           ; --         ;
; MISC_FILE                           ; IP/FFT/simulation/submodules/mentor/asj_fft_si_qe_so_bb.vhd                     ; --            ; --           ; --         ;
; MISC_FILE                           ; IP/FFT/simulation/submodules/aldec/asj_fft_si_qe_so_bb.vhd                      ; --            ; --           ; --         ;
; MISC_FILE                           ; IP/FFT/simulation/submodules/mentor/asj_fft_si_se_so_b.vhd                      ; --            ; --           ; --         ;
; MISC_FILE                           ; IP/FFT/simulation/submodules/aldec/asj_fft_si_se_so_b.vhd                       ; --            ; --           ; --         ;
; MISC_FILE                           ; IP/FFT/simulation/submodules/mentor/asj_fft_si_se_so_bb.vhd                     ; --            ; --           ; --         ;
; MISC_FILE                           ; IP/FFT/simulation/submodules/aldec/asj_fft_si_se_so_bb.vhd                      ; --            ; --           ; --         ;
; MISC_FILE                           ; IP/FFT/simulation/submodules/mentor/asj_fft_si_sose_so_b.vhd                    ; --            ; --           ; --         ;
; MISC_FILE                           ; IP/FFT/simulation/submodules/aldec/asj_fft_si_sose_so_b.vhd                     ; --            ; --           ; --         ;
; MISC_FILE                           ; IP/FFT/simulation/submodules/mentor/asj_fft_tdl.vhd                             ; --            ; --           ; --         ;
; MISC_FILE                           ; IP/FFT/simulation/submodules/aldec/asj_fft_tdl.vhd                              ; --            ; --           ; --         ;
; MISC_FILE                           ; IP/FFT/simulation/submodules/mentor/asj_fft_tdl_bit.vhd                         ; --            ; --           ; --         ;
; MISC_FILE                           ; IP/FFT/simulation/submodules/aldec/asj_fft_tdl_bit.vhd                          ; --            ; --           ; --         ;
; MISC_FILE                           ; IP/FFT/simulation/submodules/mentor/asj_fft_tdl_bit_rst.vhd                     ; --            ; --           ; --         ;
; MISC_FILE                           ; IP/FFT/simulation/submodules/aldec/asj_fft_tdl_bit_rst.vhd                      ; --            ; --           ; --         ;
; MISC_FILE                           ; IP/FFT/simulation/submodules/mentor/asj_fft_tdl_rst.vhd                         ; --            ; --           ; --         ;
; MISC_FILE                           ; IP/FFT/simulation/submodules/aldec/asj_fft_tdl_rst.vhd                          ; --            ; --           ; --         ;
; MISC_FILE                           ; IP/FFT/simulation/submodules/mentor/asj_fft_twadgen.vhd                         ; --            ; --           ; --         ;
; MISC_FILE                           ; IP/FFT/simulation/submodules/aldec/asj_fft_twadgen.vhd                          ; --            ; --           ; --         ;
; MISC_FILE                           ; IP/FFT/simulation/submodules/mentor/asj_fft_twadgen_dual.vhd                    ; --            ; --           ; --         ;
; MISC_FILE                           ; IP/FFT/simulation/submodules/aldec/asj_fft_twadgen_dual.vhd                     ; --            ; --           ; --         ;
; MISC_FILE                           ; IP/FFT/simulation/submodules/mentor/asj_fft_twadsogen.vhd                       ; --            ; --           ; --         ;
; MISC_FILE                           ; IP/FFT/simulation/submodules/aldec/asj_fft_twadsogen.vhd                        ; --            ; --           ; --         ;
; MISC_FILE                           ; IP/FFT/simulation/submodules/mentor/asj_fft_twadsogen_q.vhd                     ; --            ; --           ; --         ;
; MISC_FILE                           ; IP/FFT/simulation/submodules/aldec/asj_fft_twadsogen_q.vhd                      ; --            ; --           ; --         ;
; MISC_FILE                           ; IP/FFT/simulation/submodules/mentor/asj_fft_twiddle_ctrl_qe.vhd                 ; --            ; --           ; --         ;
; MISC_FILE                           ; IP/FFT/simulation/submodules/aldec/asj_fft_twiddle_ctrl_qe.vhd                  ; --            ; --           ; --         ;
; MISC_FILE                           ; IP/FFT/simulation/submodules/mentor/asj_fft_twid_rom_tdp.vhd                    ; --            ; --           ; --         ;
; MISC_FILE                           ; IP/FFT/simulation/submodules/aldec/asj_fft_twid_rom_tdp.vhd                     ; --            ; --           ; --         ;
; MISC_FILE                           ; IP/FFT/simulation/submodules/mentor/asj_fft_unbburst_ctrl.vhd                   ; --            ; --           ; --         ;
; MISC_FILE                           ; IP/FFT/simulation/submodules/aldec/asj_fft_unbburst_ctrl.vhd                    ; --            ; --           ; --         ;
; MISC_FILE                           ; IP/FFT/simulation/submodules/mentor/asj_fft_unbburst_ctrl_de.vhd                ; --            ; --           ; --         ;
; MISC_FILE                           ; IP/FFT/simulation/submodules/aldec/asj_fft_unbburst_ctrl_de.vhd                 ; --            ; --           ; --         ;
; MISC_FILE                           ; IP/FFT/simulation/submodules/mentor/asj_fft_unbburst_ctrl_qe.vhd                ; --            ; --           ; --         ;
; MISC_FILE                           ; IP/FFT/simulation/submodules/aldec/asj_fft_unbburst_ctrl_qe.vhd                 ; --            ; --           ; --         ;
; MISC_FILE                           ; IP/FFT/simulation/submodules/mentor/asj_fft_unbburst_sose_ctrl.vhd              ; --            ; --           ; --         ;
; MISC_FILE                           ; IP/FFT/simulation/submodules/aldec/asj_fft_unbburst_sose_ctrl.vhd               ; --            ; --           ; --         ;
; MISC_FILE                           ; IP/FFT/simulation/submodules/mentor/asj_fft_wrengen.vhd                         ; --            ; --           ; --         ;
; MISC_FILE                           ; IP/FFT/simulation/submodules/aldec/asj_fft_wrengen.vhd                          ; --            ; --           ; --         ;
; MISC_FILE                           ; IP/FFT/simulation/submodules/mentor/asj_fft_wrswgen.vhd                         ; --            ; --           ; --         ;
; MISC_FILE                           ; IP/FFT/simulation/submodules/aldec/asj_fft_wrswgen.vhd                          ; --            ; --           ; --         ;
; MISC_FILE                           ; IP/FFT/simulation/submodules/mentor/twid_rom.vhd                                ; --            ; --           ; --         ;
; MISC_FILE                           ; IP/FFT/simulation/submodules/aldec/twid_rom.vhd                                 ; --            ; --           ; --         ;
; MISC_FILE                           ; IP/FFT/simulation/submodules/mentor/apn_fft_mult_cpx_1825.v                     ; --            ; --           ; --         ;
; MISC_FILE                           ; IP/FFT/simulation/submodules/aldec/apn_fft_mult_cpx_1825.v                      ; --            ; --           ; --         ;
; MISC_FILE                           ; IP/FFT/simulation/submodules/FFT_fft_ii_0.sv                                    ; --            ; --           ; --         ;
; MISC_FILE                           ; IP/FFT/simulation/submodules/c_model/mr42/How_To_Build.txt                      ; --            ; --           ; --         ;
; MISC_FILE                           ; IP/FFT/simulation/submodules/c_model/mr42/SVSfftmodel.mexglx                    ; --            ; --           ; --         ;
; MISC_FILE                           ; IP/FFT/simulation/submodules/c_model/mr42/SVSfftmodel.mexw32                    ; --            ; --           ; --         ;
; MISC_FILE                           ; IP/FFT/simulation/submodules/c_model/mr42/expression.cpp                        ; --            ; --           ; --         ;
; MISC_FILE                           ; IP/FFT/simulation/submodules/c_model/mr42/expression.h                          ; --            ; --           ; --         ;
; MISC_FILE                           ; IP/FFT/simulation/submodules/c_model/mr42/fft.cpp                               ; --            ; --           ; --         ;
; MISC_FILE                           ; IP/FFT/simulation/submodules/c_model/mr42/fft.h                                 ; --            ; --           ; --         ;
; MISC_FILE                           ; IP/FFT/simulation/submodules/c_model/mr42/fpCompiler.cpp                        ; --            ; --           ; --         ;
; MISC_FILE                           ; IP/FFT/simulation/submodules/c_model/mr42/fpCompiler.h                          ; --            ; --           ; --         ;
; MISC_FILE                           ; IP/FFT/simulation/submodules/c_model/mr42/model_c_wrapper.cpp                   ; --            ; --           ; --         ;
; MISC_FILE                           ; IP/FFT/simulation/submodules/c_model/mr42/util.cpp                              ; --            ; --           ; --         ;
; MISC_FILE                           ; IP/FFT/simulation/submodules/c_model/mr42/util.h                                ; --            ; --           ; --         ;
; MISC_FILE                           ; IP/FFT/simulation/submodules/c_model/old_arch/Sfftmodel.c                       ; --            ; --           ; --         ;
; MISC_FILE                           ; IP/FFT/simulation/submodules/c_model/old_arch/Sfftmodel.mexa64                  ; --            ; --           ; --         ;
; MISC_FILE                           ; IP/FFT/simulation/submodules/c_model/old_arch/Sfftmodel.mexglx                  ; --            ; --           ; --         ;
; MISC_FILE                           ; IP/FFT/simulation/submodules/c_model/old_arch/Sfftmodel.mexw32                  ; --            ; --           ; --         ;
; MISC_FILE                           ; IP/FFT/simulation/submodules/c_model/old_arch/imag_input.txt                    ; --            ; --           ; --         ;
; MISC_FILE                           ; IP/FFT/simulation/submodules/c_model/old_arch/model.c                           ; --            ; --           ; --         ;
; MISC_FILE                           ; IP/FFT/simulation/submodules/c_model/old_arch/model_c_wrapper.c                 ; --            ; --           ; --         ;
; MISC_FILE                           ; IP/FFT/simulation/submodules/c_model/old_arch/real_input.txt                    ; --            ; --           ; --         ;
; MISC_FILE                           ; IP/FFT/simulation/submodules/c_model/old_arch/run_c_wrapper.sh                  ; --            ; --           ; --         ;
; MISC_FILE                           ; IP/FFT/simulation/submodules/c_model/old_arch/run_model_c.sh                    ; --            ; --           ; --         ;
; MISC_FILE                           ; IP/FFT/simulation/submodules/c_model/old_arch/tbcmex.m                          ; --            ; --           ; --         ;
; MISC_FILE                           ; IP/FFT/simulation/submodules/c_model/r22sdf/SVSfftmodel.mexa64                  ; --            ; --           ; --         ;
; MISC_FILE                           ; IP/FFT/simulation/submodules/c_model/r22sdf/SVSfftmodel.mexglx                  ; --            ; --           ; --         ;
; MISC_FILE                           ; IP/FFT/simulation/submodules/c_model/r22sdf/SVSfftmodel.mexw32                  ; --            ; --           ; --         ;
; MISC_FILE                           ; IP/FFT/simulation/submodules/c_model/r22sdf/blksize_report.txt                  ; --            ; --           ; --         ;
; MISC_FILE                           ; IP/FFT/simulation/submodules/c_model/r22sdf/create_static_library.sh            ; --            ; --           ; --         ;
; MISC_FILE                           ; IP/FFT/simulation/submodules/c_model/r22sdf/expected_imag_out.txt               ; --            ; --           ; --         ;
; MISC_FILE                           ; IP/FFT/simulation/submodules/c_model/r22sdf/expected_real_out.txt               ; --            ; --           ; --         ;
; MISC_FILE                           ; IP/FFT/simulation/submodules/c_model/r22sdf/expression.cpp                      ; --            ; --           ; --         ;
; MISC_FILE                           ; IP/FFT/simulation/submodules/c_model/r22sdf/expression.h                        ; --            ; --           ; --         ;
; MISC_FILE                           ; IP/FFT/simulation/submodules/c_model/r22sdf/fft.cpp                             ; --            ; --           ; --         ;
; MISC_FILE                           ; IP/FFT/simulation/submodules/c_model/r22sdf/fft.h                               ; --            ; --           ; --         ;
; MISC_FILE                           ; IP/FFT/simulation/submodules/c_model/r22sdf/fft_model.m                         ; --            ; --           ; --         ;
; MISC_FILE                           ; IP/FFT/simulation/submodules/c_model/r22sdf/fft_tb.m                            ; --            ; --           ; --         ;
; MISC_FILE                           ; IP/FFT/simulation/submodules/c_model/r22sdf/fpCompiler.cpp                      ; --            ; --           ; --         ;
; MISC_FILE                           ; IP/FFT/simulation/submodules/c_model/r22sdf/fpCompiler.h                        ; --            ; --           ; --         ;
; MISC_FILE                           ; IP/FFT/simulation/submodules/c_model/r22sdf/how_to_compile.txt                  ; --            ; --           ; --         ;
; MISC_FILE                           ; IP/FFT/simulation/submodules/c_model/r22sdf/imag_input.txt                      ; --            ; --           ; --         ;
; MISC_FILE                           ; IP/FFT/simulation/submodules/c_model/r22sdf/main.cpp                            ; --            ; --           ; --         ;
; MISC_FILE                           ; IP/FFT/simulation/submodules/c_model/r22sdf/model.cpp                           ; --            ; --           ; --         ;
; MISC_FILE                           ; IP/FFT/simulation/submodules/c_model/r22sdf/model_c_wrapper.cpp                 ; --            ; --           ; --         ;
; MISC_FILE                           ; IP/FFT/simulation/submodules/c_model/r22sdf/readme.txt                          ; --            ; --           ; --         ;
; MISC_FILE                           ; IP/FFT/simulation/submodules/c_model/r22sdf/real_input.txt                      ; --            ; --           ; --         ;
; MISC_FILE                           ; IP/FFT/simulation/submodules/c_model/r22sdf/sink.cpp                            ; --            ; --           ; --         ;
; MISC_FILE                           ; IP/FFT/simulation/submodules/c_model/r22sdf/sink.h                              ; --            ; --           ; --         ;
; MISC_FILE                           ; IP/FFT/simulation/submodules/c_model/r22sdf/source.cpp                          ; --            ; --           ; --         ;
; MISC_FILE                           ; IP/FFT/simulation/submodules/c_model/r22sdf/source.h                            ; --            ; --           ; --         ;
; MISC_FILE                           ; IP/FFT/simulation/submodules/c_model/r22sdf/system.cpp                          ; --            ; --           ; --         ;
; MISC_FILE                           ; IP/FFT/simulation/submodules/c_model/r22sdf/system.h                            ; --            ; --           ; --         ;
; MISC_FILE                           ; IP/FFT/simulation/submodules/c_model/r22sdf/util.cpp                            ; --            ; --           ; --         ;
; MISC_FILE                           ; IP/FFT/simulation/submodules/c_model/r22sdf/util.h                              ; --            ; --           ; --         ;
; MISC_FILE                           ; IP/FFT/synthesis/../FFT.cmp                                                     ; --            ; --           ; --         ;
; MISC_FILE                           ; IP/FFT/synthesis/../../FFT.qsys                                                 ; --            ; --           ; --         ;
; MISC_FILE                           ; IP/sin_rom/sin_bb.v                                                             ; --            ; --           ; --         ;
; MISC_FILE                           ; IP/ADC_RAM/ADC_RAM_bb.v                                                         ; --            ; --           ; --         ;
; NOMINAL_CORE_SUPPLY_VOLTAGE         ; 1.2V                                                                            ; --            ; --           ; --         ;
; PARTITION_COLOR                     ; -- (Not supported for targeted family)                                          ; --            ; --           ; Top        ;
; PARTITION_FITTER_PRESERVATION_LEVEL ; -- (Not supported for targeted family)                                          ; --            ; --           ; Top        ;
; PARTITION_NETLIST_TYPE              ; -- (Not supported for targeted family)                                          ; --            ; --           ; Top        ;
; POWER_BOARD_THERMAL_MODEL           ; None (CONSERVATIVE)                                                             ; --            ; --           ; --         ;
; POWER_PRESET_COOLING_SOLUTION       ; 23 MM HEAT SINK WITH 200 LFPM AIRFLOW                                           ; --            ; --           ; --         ;
; PROJECT_OUTPUT_DIRECTORY            ; output_files                                                                    ; --            ; --           ; --         ;
; SLD_FILE                            ; IP/FFT/synthesis/FFT.debuginfo                                                  ; --            ; --           ; --         ;
; SLD_INFO                            ; QSYS_NAME FFT HAS_SOPCINFO 1 GENERATION_ID 1777634730                           ; --            ; FFT          ; --         ;
; SOPCINFO_FILE                       ; IP/FFT/synthesis/../../FFT.sopcinfo                                             ; --            ; --           ; --         ;
; SPD_FILE                            ; IP/FFT/simulation/../FFT.spd                                                    ; --            ; --           ; --         ;
; SYNTHESIS_ONLY_QIP                  ; On                                                                              ; --            ; --           ; --         ;
+-------------------------------------+---------------------------------------------------------------------------------+---------------+--------------+------------+


+--------------------------------------------------------------------------------------------------------------------------+
; Flow Elapsed Time                                                                                                        ;
+----------------------+--------------+-------------------------+---------------------+------------------------------------+
; Module Name          ; Elapsed Time ; Average Processors Used ; Peak Virtual Memory ; Total CPU Time (on all processors) ;
+----------------------+--------------+-------------------------+---------------------+------------------------------------+
; Analysis & Synthesis ; 00:02:34     ; 1.0                     ; 5108 MB             ; 00:02:46                           ;
; Fitter               ; 00:01:48     ; 1.3                     ; 6821 MB             ; 00:04:12                           ;
; Assembler            ; 00:00:04     ; 1.0                     ; 4726 MB             ; 00:00:04                           ;
; Timing Analyzer      ; 00:02:31     ; 2.6                     ; 5271 MB             ; 00:02:32                           ;
; Total                ; 00:06:57     ; --                      ; --                  ; 00:09:34                           ;
+----------------------+--------------+-------------------------+---------------------+------------------------------------+


+------------------------------------------------------------------------------------+
; Flow OS Summary                                                                    ;
+----------------------+------------------+------------+------------+----------------+
; Module Name          ; Machine Hostname ; OS Name    ; OS Version ; Processor type ;
+----------------------+------------------+------------+------------+----------------+
; Analysis & Synthesis ; H-zt             ; Windows 10 ; 10.0       ; x86_64         ;
; Fitter               ; H-zt             ; Windows 10 ; 10.0       ; x86_64         ;
; Assembler            ; H-zt             ; Windows 10 ; 10.0       ; x86_64         ;
; Timing Analyzer      ; H-zt             ; Windows 10 ; 10.0       ; x86_64         ;
+----------------------+------------------+------------+------------+----------------+


------------
; Flow Log ;
------------
quartus_map --read_settings_files=on --write_settings_files=off investigative_setup -c investigative_setup
quartus_fit --read_settings_files=off --write_settings_files=off investigative_setup -c investigative_setup
quartus_asm --read_settings_files=off --write_settings_files=off investigative_setup -c investigative_setup
quartus_sta investigative_setup -c investigative_setup



